<?xml version="1.0" encoding="UTF-8"?>
<!-- Generated by org.testng.reporters.JUnitReportReporter -->
<testsuite hostname="sansidson-PC" failures="0" tests="1" name="Loginmoduledropelementsclickability" time="56.877" errors="0" timestamp="2022-10-16T18:57:00 IST" skipped="0">
  <testcase classname="Loginmoduledropelementsclickability" name="logindropelementsclickability" time="56.877"/>
  <system-out/>
</testsuite> <!-- Loginmoduledropelementsclickability -->
