<?xml version="1.0" encoding="UTF-8"?>
<!-- Generated by org.testng.reporters.JUnitReportReporter -->
<testsuite hostname="sansidson-PC" failures="0" tests="1" name="LoginMyProfileTextverification" time="55.612" errors="0" timestamp="2022-10-16T18:57:00 IST" skipped="0">
  <testcase classname="LoginMyProfileTextverification" name="textverification" time="55.612"/>
  <system-out/>
</testsuite> <!-- LoginMyProfileTextverification -->
