<?xml version="1.0" encoding="UTF-8"?>
<!-- Generated by org.testng.reporters.JUnitReportReporter -->
<testsuite hostname="sansidson-PC" failures="0" tests="1" name="linksvalidity" time="40.793" errors="0" timestamp="2022-10-10T18:11:28 IST" skipped="0">
  <testcase classname="linksvalidity" name="FooterLinksvalidity" time="40.793"/>
  <system-out/>
</testsuite> <!-- linksvalidity -->
