<?xml version="1.0" encoding="UTF-8"?>
<!-- Generated by org.testng.reporters.JUnitReportReporter -->
<testsuite hostname="sansidson-PC" failures="0" tests="1" name="cartbuttonclickability" time="71.540" errors="0" timestamp="2022-10-16T18:56:59 IST" skipped="0">
  <testcase classname="cartbuttonclickability" name="CartbuttonClickability" time="71.540"/>
  <system-out/>
</testsuite> <!-- cartbuttonclickability -->
