<?xml version="1.0" encoding="UTF-8"?>
<!-- Generated by org.testng.reporters.JUnitReportReporter -->
<testsuite hostname="sansidson-PC" failures="0" tests="1" name="MainPagefooterlinksvalidity" time="61.435" errors="0" timestamp="2022-10-16T18:56:59 IST" skipped="0">
  <testcase classname="MainPagefooterlinksvalidity" name="FooterLinksvalidity" time="61.435"/>
  <system-out/>
</testsuite> <!-- MainPagefooterlinksvalidity -->
