<?xml version="1.0" encoding="UTF-8"?>
<!-- Generated by org.testng.reporters.JUnitReportReporter -->
<testsuite hostname="sansidson-PC" failures="0" tests="1" name="addtocartfunction" time="77.376" errors="0" timestamp="2022-10-16T18:56:59 IST" skipped="0">
  <testcase classname="addtocartfunction" name="Addtocart" time="77.376"/>
  <system-out/>
</testsuite> <!-- addtocartfunction -->
