<?xml version="1.0" encoding="UTF-8"?>
<!-- Generated by org.testng.reporters.JUnitReportReporter -->
<testsuite hostname="sansidson-PC" failures="0" tests="1" name="Becomeasellermoduleelementsclickability_Top" time="102.211" errors="0" timestamp="2022-10-16T18:57:00 IST" skipped="0">
  <testcase classname="Becomeasellermoduleelementsclickability_Top" name="buttonclickability" time="102.211"/>
  <system-out/>
</testsuite> <!-- Becomeasellermoduleelementsclickability_Top -->
