<?xml version="1.0" encoding="UTF-8"?>
<!-- Generated by org.testng.reporters.JUnitReportReporter -->
<testsuite hostname="sansidson-PC" failures="0" tests="1" name="Becomeasellermoduleelementsclickability" time="151.857" errors="0" timestamp="2022-10-11T11:05:43 IST" skipped="0">
  <testcase classname="Becomeasellermoduleelementsclickability" name="buttonclickability" time="151.857"/>
  <system-out/>
</testsuite> <!-- Becomeasellermoduleelementsclickability -->
