<?xml version="1.0" encoding="UTF-8"?>
<!-- Generated by org.testng.reporters.JUnitReportReporter -->
<testsuite hostname="sansidson-PC" failures="0" tests="1" name="Footerlinksvalidity" time="73.022" errors="0" timestamp="2022-10-09T13:12:00 IST" skipped="0">
  <testcase classname="Footerlinksvalidity" name="FooterLinksvalidity" time="73.022"/>
  <system-out/>
</testsuite> <!-- Footerlinksvalidity -->
