<?xml version="1.0" encoding="UTF-8"?>
<!-- Generated by org.testng.reporters.JUnitReportReporter -->
<testsuite hostname="sansidson-PC" failures="0" tests="1" name="TestCases" time="39.283" errors="0" timestamp="2022-10-09T11:24:55 IST" skipped="0">
  <testcase classname="TestCases" name="method1" time="39.283"/>
  <system-out/>
</testsuite> <!-- TestCases -->
