<?xml version="1.0" encoding="UTF-8"?>
<!-- Generated by org.testng.reporters.JUnitReportReporter -->
<testsuite hostname="sansidson-PC" failures="0" tests="1" name="Electronicsheadermodulelinkvalidity" time="55.318" errors="0" timestamp="2022-10-11T21:36:28 IST" skipped="0">
  <testcase classname="Electronicsheadermodulelinkvalidity" name="linkvalidity" time="55.318"/>
  <system-out/>
</testsuite> <!-- Electronicsheadermodulelinkvalidity -->
